Thu, 28 May 2020 20:49:49 GMT - Info - Server is running on port: 3000
Thu, 28 May 2020 20:49:52 GMT - Error - Cannot get boards by user
Thu, 28 May 2020 20:51:48 GMT - Info - Server is running on port: 3000
Thu, 28 May 2020 20:51:52 GMT - Error - Cannot get boards by user
Thu, 28 May 2020 20:54:27 GMT - Info - Server is running on port: 3000
Thu, 28 May 2020 20:54:30 GMT - Error - Cannot get boards by user
Thu, 28 May 2020 20:56:10 GMT - Info - Server is running on port: 3000
Thu, 28 May 2020 20:56:14 GMT - Error - Cannot get boards by user
Thu, 28 May 2020 20:56:22 GMT - Error - Cannot get boards by user
Thu, 28 May 2020 20:56:25 GMT - Error - Cannot get boards by user
Thu, 28 May 2020 20:56:26 GMT - Error - Cannot get boards by user
Thu, 28 May 2020 20:56:26 GMT - Error - Cannot get boards by user
Thu, 28 May 2020 20:56:27 GMT - Error - Cannot get boards by user
Thu, 28 May 2020 20:56:28 GMT - Error - Cannot get boards by user
Thu, 28 May 2020 20:56:29 GMT - Error - Cannot get boards by user
Thu, 28 May 2020 20:56:36 GMT - Info - Server is running on port: 3000
Thu, 28 May 2020 20:56:37 GMT - Error - Cannot get boards by user
Thu, 28 May 2020 20:56:37 GMT - Error - Cannot get boards by user
Thu, 28 May 2020 20:56:38 GMT - Error - Cannot get boards by user
Thu, 28 May 2020 20:56:38 GMT - Error - Cannot get boards by user
Thu, 28 May 2020 20:56:38 GMT - Error - Cannot get boards by user
Thu, 28 May 2020 20:56:38 GMT - Error - Cannot get boards by user
Thu, 28 May 2020 20:56:53 GMT - Info - Server is running on port: 3000
Thu, 28 May 2020 20:56:54 GMT - Error - Cannot get boards by user
Thu, 28 May 2020 20:56:54 GMT - Error - Cannot get boards by user
Thu, 28 May 2020 20:56:55 GMT - Error - Cannot get boards by user
Thu, 28 May 2020 20:56:55 GMT - Error - Cannot get boards by user
Thu, 28 May 2020 20:56:55 GMT - Error - Cannot get boards by user
Thu, 28 May 2020 20:57:25 GMT - Info - Server is running on port: 3000
Thu, 28 May 2020 20:57:30 GMT - Info - Server is running on port: 3000
Thu, 28 May 2020 20:58:20 GMT - Info - Server is running on port: 3000
Thu, 28 May 2020 20:59:02 GMT - Info - Server is running on port: 3000
Thu, 28 May 2020 21:00:40 GMT - Info - Server is running on port: 3000
Thu, 28 May 2020 21:02:38 GMT - Info - Server is running on port: 3000
Thu, 28 May 2020 21:02:39 GMT - Info - finding boards where userId = 5ecd45b4ffd75192e29d4141
Thu, 28 May 2020 21:02:40 GMT - Info - finding boards where userId = 5ecd45b4ffd75192e29d4141
Thu, 28 May 2020 21:02:47 GMT - Info - finding boards where userId = 5ecd45b4ffd75192e29d4141
Thu, 28 May 2020 21:03:26 GMT - Info - Server is running on port: 3000
Thu, 28 May 2020 21:03:26 GMT - Info - finding boards where userId = 5ecd45b4ffd75192e29d4141
Thu, 28 May 2020 21:03:28 GMT - Info - finding boards where userId = 5ecd45b4ffd75192e29d4141
Thu, 28 May 2020 21:03:58 GMT - Info - Server is running on port: 3000
Thu, 28 May 2020 21:03:58 GMT - Info - finding boards where userId = 5ecd45b4ffd75192e29d4141
Thu, 28 May 2020 21:04:00 GMT - Info - finding boards where userId = 5ecd45b4ffd75192e29d4141
Thu, 28 May 2020 21:05:43 GMT - Info - Server is running on port: 3000
Thu, 28 May 2020 21:05:45 GMT - Info - finding boards where userId = 5ecd45b4ffd75192e29d4141
Thu, 28 May 2020 21:05:46 GMT - Info - finding boards where userId = 5ecd45b4ffd75192e29d4141
Thu, 28 May 2020 21:05:52 GMT - Info - finding boards where userId = 5ecd45b4ffd75192e29d4141
Thu, 28 May 2020 21:07:00 GMT - Info - Server is running on port: 3000
Thu, 28 May 2020 21:07:01 GMT - Info - finding boards where userId = 5ecd45b4ffd75192e29d4141
Thu, 28 May 2020 21:07:02 GMT - Info - finding boards where userId = 5ecd45b4ffd75192e29d4141
Thu, 28 May 2020 21:07:08 GMT - Info - finding boards where userId = 5ecd45b4ffd75192e29d4141
Thu, 28 May 2020 21:07:31 GMT - Info - Server is running on port: 3000
Thu, 28 May 2020 21:07:31 GMT - Info - finding boards where userId = 5ecd45b4ffd75192e29d4141
Thu, 28 May 2020 21:07:33 GMT - Info - finding boards where userId = 5ecd45b4ffd75192e29d4141
Thu, 28 May 2020 21:08:44 GMT - Info - Server is running on port: 3000
Thu, 28 May 2020 21:09:07 GMT - Info - Server is running on port: 3000
Thu, 28 May 2020 21:09:47 GMT - Info - Server is running on port: 3000
Thu, 28 May 2020 23:49:43 GMT - Debug - auth.service - login with email: demo@mail.ru
Thu, 28 May 2020 23:49:56 GMT - Debug - auth.service - login with email: Asilkhan-al@mail.ru
Fri, 29 May 2020 00:52:26 GMT - Debug - auth.service - login with email: kasya@mail.ru
Fri, 29 May 2020 00:52:38 GMT - Debug - auth.service - login with email: kasya@mail.ru
Fri, 29 May 2020 00:54:10 GMT - Debug - a1@mail.ru, asd, asd, asd, asd
Fri, 29 May 2020 00:54:10 GMT - Debug - auth.service - signup with email: a1@mail.ru, username: asd
Fri, 29 May 2020 00:54:10 GMT - Debug - auth.route - new account created: {"email":"a1@mail.ru","password":"$2b$10$j.6gKKMrwcKaJOQaglUxju/qQqNh3YlToIj5DakjRDXBOoQItFucK","username":"asd","imgUrl":"","firstName":"asd","lastName":"asd","role":"ROLE_USER","_id":"5ed05d32c1b53959103b105c"}
Fri, 29 May 2020 00:54:10 GMT - Debug - auth.service - login with email: a1@mail.ru
Fri, 29 May 2020 00:54:20 GMT - Debug - auth.service - login with email: a2@mail.ru
Fri, 29 May 2020 00:54:38 GMT - Debug - asd@mail.ru, qwe, qwe, qwe, qwe
Fri, 29 May 2020 00:54:38 GMT - Debug - auth.service - signup with email: asd@mail.ru, username: qwe
Fri, 29 May 2020 00:54:38 GMT - Debug - auth.route - new account created: {"email":"asd@mail.ru","password":"$2b$10$inIpbj9X/doUUMUSlugoj.Jepo0f.Jpx2GldeJDqNZmPW9YMi0.0G","username":"qwe","imgUrl":"","firstName":"qwe","lastName":"qwe","role":"ROLE_USER","_id":"5ed05d4ec1b53959103b105d"}
Fri, 29 May 2020 00:54:38 GMT - Debug - auth.service - login with email: asd@mail.ru
